<?xml version="1.0" encoding="UTF-8"?>
<testng-results skipped="0" failed="0" total="1" passed="1">
  <reporter-output>
  </reporter-output>
  <suite name="Default suite" duration-ms="29697" started-at="2019-05-09T11:42:02Z" finished-at="2019-05-09T11:42:32Z">
    <groups>
    </groups>
    <test name="Default test" duration-ms="29697" started-at="2019-05-09T11:42:02Z" finished-at="2019-05-09T11:42:32Z">
      <class name="com.nwnt.qa.testcases.UserSOMDetailTest">
        <test-method status="PASS" signature="setup()[pri:0, instance:com.nwnt.qa.testcases.UserSOMDetailTest@26be92ad]" name="setup" is-config="true" duration-ms="8811" started-at="2019-05-09T17:12:02Z" finished-at="2019-05-09T17:12:11Z">
          <reporter-output>
          </reporter-output>
        </test-method> <!-- setup -->
        <test-method status="PASS" signature="viewOverallResultTest()[pri:0, instance:com.nwnt.qa.testcases.UserSOMDetailTest@26be92ad]" name="viewOverallResultTest" duration-ms="20040" started-at="2019-05-09T17:12:11Z" finished-at="2019-05-09T17:12:31Z">
          <reporter-output>
          </reporter-output>
        </test-method> <!-- viewOverallResultTest -->
        <test-method status="PASS" signature="teardown()[pri:0, instance:com.nwnt.qa.testcases.UserSOMDetailTest@26be92ad]" name="teardown" is-config="true" duration-ms="834" started-at="2019-05-09T17:12:31Z" finished-at="2019-05-09T17:12:32Z">
          <reporter-output>
          </reporter-output>
        </test-method> <!-- teardown -->
      </class> <!-- com.nwnt.qa.testcases.UserSOMDetailTest -->
    </test> <!-- Default test -->
  </suite> <!-- Default suite -->
</testng-results>
