<?xml version="1.0" encoding="UTF-8"?>
<testng-results skipped="0" failed="0" total="5" passed="5">
  <reporter-output>
  </reporter-output>
  <suite name="Default suite" duration-ms="43273" started-at="2019-05-07T10:37:05Z" finished-at="2019-05-07T10:37:48Z">
    <groups>
    </groups>
    <test name="Default test" duration-ms="43273" started-at="2019-05-07T10:37:05Z" finished-at="2019-05-07T10:37:48Z">
      <class name="com.nwnt.qa.testcases.UploadPrescriptionTest">
        <test-method status="PASS" signature="setup()[pri:0, instance:com.nwnt.qa.testcases.UploadPrescriptionTest@224edc67]" name="setup" is-config="true" duration-ms="7687" started-at="2019-05-07T16:07:05Z" finished-at="2019-05-07T16:07:13Z">
          <reporter-output>
          </reporter-output>
        </test-method> <!-- setup -->
        <test-method status="PASS" signature="uploadLabReport(java.lang.String, java.lang.String, java.lang.String)[pri:0, instance:com.nwnt.qa.testcases.UploadPrescriptionTest@224edc67]" name="uploadLabReport" duration-ms="702" started-at="2019-05-07T16:07:13Z" data-provider="getUploadLabReportData" finished-at="2019-05-07T16:07:14Z">
          <params>
            <param index="0">
              <value>
                <![CDATA[Blood Urea]]>
              </value>
            </param>
            <param index="1">
              <value>
                <![CDATA[30-Apr-2019]]>
              </value>
            </param>
            <param index="2">
              <value>
                <![CDATA[D:\Amritesh\Sample PDF Reports to upload\Blood test.pdf]]>
              </value>
            </param>
          </params>
          <reporter-output>
          </reporter-output>
        </test-method> <!-- uploadLabReport -->
        <test-method status="PASS" signature="teardown()[pri:0, instance:com.nwnt.qa.testcases.UploadPrescriptionTest@224edc67]" name="teardown" is-config="true" duration-ms="1051" started-at="2019-05-07T16:07:14Z" finished-at="2019-05-07T16:07:15Z">
          <reporter-output>
          </reporter-output>
        </test-method> <!-- teardown -->
        <test-method status="PASS" signature="setup()[pri:0, instance:com.nwnt.qa.testcases.UploadPrescriptionTest@224edc67]" name="setup" is-config="true" duration-ms="7135" started-at="2019-05-07T16:07:15Z" finished-at="2019-05-07T16:07:22Z">
          <reporter-output>
          </reporter-output>
        </test-method> <!-- setup -->
        <test-method status="PASS" signature="uploadLabReport(java.lang.String, java.lang.String, java.lang.String)[pri:0, instance:com.nwnt.qa.testcases.UploadPrescriptionTest@224edc67]" name="uploadLabReport" duration-ms="396" started-at="2019-05-07T16:07:22Z" data-provider="getUploadLabReportData" finished-at="2019-05-07T16:07:22Z">
          <params>
            <param index="0">
              <value>
                <![CDATA[Haemoglobin]]>
              </value>
            </param>
            <param index="1">
              <value>
                <![CDATA[4-May-2019]]>
              </value>
            </param>
            <param index="2">
              <value>
                <![CDATA[D:\Amritesh\Sample PDF Reports to upload\linecard_1MB.pdf]]>
              </value>
            </param>
          </params>
          <reporter-output>
          </reporter-output>
        </test-method> <!-- uploadLabReport -->
        <test-method status="PASS" signature="teardown()[pri:0, instance:com.nwnt.qa.testcases.UploadPrescriptionTest@224edc67]" name="teardown" is-config="true" duration-ms="1081" started-at="2019-05-07T16:07:22Z" finished-at="2019-05-07T16:07:23Z">
          <reporter-output>
          </reporter-output>
        </test-method> <!-- teardown -->
        <test-method status="PASS" signature="setup()[pri:0, instance:com.nwnt.qa.testcases.UploadPrescriptionTest@224edc67]" name="setup" is-config="true" duration-ms="6952" started-at="2019-05-07T16:07:23Z" finished-at="2019-05-07T16:07:30Z">
          <reporter-output>
          </reporter-output>
        </test-method> <!-- setup -->
        <test-method status="PASS" signature="uploadLabReport(java.lang.String, java.lang.String, java.lang.String)[pri:0, instance:com.nwnt.qa.testcases.UploadPrescriptionTest@224edc67]" name="uploadLabReport" duration-ms="311" started-at="2019-05-07T16:07:30Z" data-provider="getUploadLabReportData" finished-at="2019-05-07T16:07:31Z">
          <params>
            <param index="0">
              <value>
                <![CDATA[Lipid profile]]>
              </value>
            </param>
            <param index="1">
              <value>
                <![CDATA[2-May-2019]]>
              </value>
            </param>
            <param index="2">
              <value>
                <![CDATA[D:\Amritesh\Sample PDF Reports to upload\Lipid Profile Report.pdf]]>
              </value>
            </param>
          </params>
          <reporter-output>
          </reporter-output>
        </test-method> <!-- uploadLabReport -->
        <test-method status="PASS" signature="teardown()[pri:0, instance:com.nwnt.qa.testcases.UploadPrescriptionTest@224edc67]" name="teardown" is-config="true" duration-ms="1050" started-at="2019-05-07T16:07:31Z" finished-at="2019-05-07T16:07:32Z">
          <reporter-output>
          </reporter-output>
        </test-method> <!-- teardown -->
        <test-method status="PASS" signature="setup()[pri:0, instance:com.nwnt.qa.testcases.UploadPrescriptionTest@224edc67]" name="setup" is-config="true" duration-ms="6581" started-at="2019-05-07T16:07:32Z" finished-at="2019-05-07T16:07:38Z">
          <reporter-output>
          </reporter-output>
        </test-method> <!-- setup -->
        <test-method status="PASS" signature="uploadLabReport(java.lang.String, java.lang.String, java.lang.String)[pri:0, instance:com.nwnt.qa.testcases.UploadPrescriptionTest@224edc67]" name="uploadLabReport" duration-ms="663" started-at="2019-05-07T16:07:38Z" data-provider="getUploadLabReportData" finished-at="2019-05-07T16:07:39Z">
          <params>
            <param index="0">
              <value>
                <![CDATA[Serum Lithium]]>
              </value>
            </param>
            <param index="1">
              <value>
                <![CDATA[29-Apr-2019]]>
              </value>
            </param>
            <param index="2">
              <value>
                <![CDATA[D:\Amritesh\Sample PDF Reports to upload\Final_TMB_Radkarte-titel_CZ_13MB.pdf]]>
              </value>
            </param>
          </params>
          <reporter-output>
          </reporter-output>
        </test-method> <!-- uploadLabReport -->
        <test-method status="PASS" signature="teardown()[pri:0, instance:com.nwnt.qa.testcases.UploadPrescriptionTest@224edc67]" name="teardown" is-config="true" duration-ms="932" started-at="2019-05-07T16:07:39Z" finished-at="2019-05-07T16:07:40Z">
          <reporter-output>
          </reporter-output>
        </test-method> <!-- teardown -->
        <test-method status="PASS" signature="setup()[pri:0, instance:com.nwnt.qa.testcases.UploadPrescriptionTest@224edc67]" name="setup" is-config="true" duration-ms="6506" started-at="2019-05-07T16:07:40Z" finished-at="2019-05-07T16:07:46Z">
          <reporter-output>
          </reporter-output>
        </test-method> <!-- setup -->
        <test-method status="PASS" signature="uploadLabReport(java.lang.String, java.lang.String, java.lang.String)[pri:0, instance:com.nwnt.qa.testcases.UploadPrescriptionTest@224edc67]" name="uploadLabReport" duration-ms="647" started-at="2019-05-07T16:07:46Z" data-provider="getUploadLabReportData" finished-at="2019-05-07T16:07:47Z">
          <params>
            <param index="0">
              <value>
                <![CDATA[Serum Potassium]]>
              </value>
            </param>
            <param index="1">
              <value>
                <![CDATA[21-Apr-2019]]>
              </value>
            </param>
            <param index="2">
              <value>
                <![CDATA[D:\Amritesh\Sample PDF Reports to upload\Serum Potasium.pdf]]>
              </value>
            </param>
          </params>
          <reporter-output>
          </reporter-output>
        </test-method> <!-- uploadLabReport -->
        <test-method status="PASS" signature="teardown()[pri:0, instance:com.nwnt.qa.testcases.UploadPrescriptionTest@224edc67]" name="teardown" is-config="true" duration-ms="948" started-at="2019-05-07T16:07:47Z" finished-at="2019-05-07T16:07:48Z">
          <reporter-output>
          </reporter-output>
        </test-method> <!-- teardown -->
      </class> <!-- com.nwnt.qa.testcases.UploadPrescriptionTest -->
    </test> <!-- Default test -->
  </suite> <!-- Default suite -->
</testng-results>
