<?xml version="1.0" encoding="UTF-8"?>
<!-- Generated by org.testng.reporters.JUnitXMLReporter -->
<testsuite hostname="IT-PC" name="NwntTest" tests="8" failures="8" timestamp="16 May 2019 04:29:11 GMT" time="0.538" errors="0">
  <testcase name="searchAgainstCriteria" time="0.008" classname="com.nwnt.qa.testcases.HomePageTest">
    <failure type="java.lang.NullPointerException">
      <![CDATA[java.lang.NullPointerException
	at com.nwnt.qa.testcases.HomePageTest.searchAgainstCriteria(HomePageTest.java:151)
... Removed 24 stack frames]]>
    </failure>
  </testcase> <!-- searchAgainstCriteria -->
  <testcase name="searchAgainstCriteria" time="0.001" classname="com.nwnt.qa.testcases.HomePageTest">
    <failure type="java.lang.NullPointerException">
      <![CDATA[java.lang.NullPointerException
	at com.nwnt.qa.testcases.HomePageTest.searchAgainstCriteria(HomePageTest.java:151)
... Removed 24 stack frames]]>
    </failure>
  </testcase> <!-- searchAgainstCriteria -->
  <testcase name="searchAgainstCriteria" time="0.001" classname="com.nwnt.qa.testcases.HomePageTest">
    <failure type="java.lang.NullPointerException">
      <![CDATA[java.lang.NullPointerException
	at com.nwnt.qa.testcases.HomePageTest.searchAgainstCriteria(HomePageTest.java:151)
... Removed 24 stack frames]]>
    </failure>
  </testcase> <!-- searchAgainstCriteria -->
  <testcase name="searchAgainstCriteria" time="0.001" classname="com.nwnt.qa.testcases.HomePageTest">
    <failure type="java.lang.NullPointerException">
      <![CDATA[java.lang.NullPointerException
	at com.nwnt.qa.testcases.HomePageTest.searchAgainstCriteria(HomePageTest.java:151)
... Removed 24 stack frames]]>
    </failure>
  </testcase> <!-- searchAgainstCriteria -->
  <testcase name="searchAgainstCriteria" time="0.001" classname="com.nwnt.qa.testcases.HomePageTest">
    <failure type="java.lang.NullPointerException">
      <![CDATA[java.lang.NullPointerException
	at com.nwnt.qa.testcases.HomePageTest.searchAgainstCriteria(HomePageTest.java:151)
... Removed 24 stack frames]]>
    </failure>
  </testcase> <!-- searchAgainstCriteria -->
  <testcase name="searchAgainstCriteria" time="0.001" classname="com.nwnt.qa.testcases.HomePageTest">
    <failure type="java.lang.NullPointerException">
      <![CDATA[java.lang.NullPointerException
	at com.nwnt.qa.testcases.HomePageTest.searchAgainstCriteria(HomePageTest.java:151)
... Removed 24 stack frames]]>
    </failure>
  </testcase> <!-- searchAgainstCriteria -->
  <testcase name="searchAgainstCriteria" time="0.005" classname="com.nwnt.qa.testcases.HomePageTest">
    <failure type="java.lang.NullPointerException">
      <![CDATA[java.lang.NullPointerException
	at com.nwnt.qa.testcases.HomePageTest.searchAgainstCriteria(HomePageTest.java:151)
... Removed 24 stack frames]]>
    </failure>
  </testcase> <!-- searchAgainstCriteria -->
  <testcase name="homePageTitleTest" time="0.005" classname="com.nwnt.qa.testcases.HomePageTest">
    <failure type="java.lang.NullPointerException">
      <![CDATA[java.lang.NullPointerException
	at com.nwnt.qa.testcases.HomePageTest.homePageTitleTest(HomePageTest.java:53)
... Removed 24 stack frames]]>
    </failure>
  </testcase> <!-- homePageTitleTest -->
</testsuite> <!-- NwntTest -->
