<?xml version="1.0" encoding="UTF-8"?>
<!-- Generated by org.testng.reporters.JUnitXMLReporter -->
<testsuite hostname="IT-PC" name="Default test" tests="5" failures="0" timestamp="15 Jun 2018 08:35:30 GMT" time="40.967" errors="0">
  <testcase name="homePageTitleTest" time="0.02" classname="com.nwnt.qa.testcases.HomePageTest"/>
  <testcase name="clickAppointmentTest" time="0.246" classname="com.nwnt.qa.testcases.HomePageTest"/>
  <testcase name="clickChangePasswordTest" time="0.248" classname="com.nwnt.qa.testcases.HomePageTest"/>
  <testcase name="clickAppointmentsTest" time="0.237" classname="com.nwnt.qa.testcases.HomePageTest"/>
  <testcase name="clickLogoutTest" time="0.235" classname="com.nwnt.qa.testcases.HomePageTest"/>
</testsuite> <!-- Default test -->
