<?xml version="1.0" encoding="UTF-8"?>
<!-- Generated by org.testng.reporters.JUnitXMLReporter -->
<testsuite hostname="IT-PC" name="Default test" tests="7" failures="0" timestamp="10 May 2019 10:27:16 GMT" time="381.221" errors="0">
  <testcase name="searchAgainstCriteria" time="157.459" classname="com.nwnt.qa.testcases.HomePageTest"/>
  <testcase name="searchAgainstCriteria" time="1.626" classname="com.nwnt.qa.testcases.HomePageTest"/>
  <testcase name="searchAgainstCriteria" time="3.956" classname="com.nwnt.qa.testcases.HomePageTest"/>
  <testcase name="searchAgainstCriteria" time="3.109" classname="com.nwnt.qa.testcases.HomePageTest"/>
  <testcase name="searchAgainstCriteria" time="7.739" classname="com.nwnt.qa.testcases.HomePageTest"/>
  <testcase name="searchAgainstCriteria" time="28.576" classname="com.nwnt.qa.testcases.HomePageTest"/>
  <testcase name="searchAgainstCriteria" time="11.011" classname="com.nwnt.qa.testcases.HomePageTest"/>
</testsuite> <!-- Default test -->
